[2023-04-12T17:24:28.245Z] error: servidor escuchando en el puerto 3000. {}
[2023-04-12T17:24:37.585Z] info: servidor escuchando en el puerto 3000. {}
[2023-04-12T17:24:55.446Z] warn: servidor escuchando en el puerto 3000. {}
[2023-04-12T17:25:08.739Z] warn: servidor escuchando en el puerto 3000. {}
[2023-04-12T17:25:58.181Z] info: servidor escuchando en el puerto 3000. {}
[2023-04-12T17:28:58.358Z] info: servidor escuchando en el puerto 3000. {}
[2023-04-12T17:30:39.342Z] info: servidor escuchando en el puerto 3000. {}
[2023-04-12T17:30:44.967Z] info: servidor escuchando en el puerto 3000. {}
[2023-04-12T17:30:48.140Z] info: servidor escuchando en el puerto 3000. {}
[2023-04-12T17:30:51.190Z] info: servidor escuchando en el puerto 3000. {}
[2023-04-12T17:30:54.677Z] info: servidor escuchando en el puerto 3000. {}
[2023-04-12T17:30:57.822Z] info: servidor escuchando en el puerto 3000. {}
[2023-04-12T17:31:06.012Z] info: servidor escuchando en el puerto 3000. {}
[2023-04-12T17:31:17.103Z] info: servidor escuchando en el puerto 3000. {}
[2023-04-12T17:31:21.290Z] info: servidor escuchando en el puerto 3000. {}
[2023-04-12T17:31:35.682Z] info: servidor escuchando en el puerto 3000. {}
[2023-04-12T17:32:07.883Z] warn: undefined. {}
[2023-04-12T17:32:56.518Z] info: servidor escuchando en el puerto 3000. {}
[2023-04-12T17:33:04.719Z] info: servidor escuchando en el puerto 3000. {}
[2023-04-12T17:33:06.763Z] warn: Usuario no encontrado. {}
[2023-04-12T17:33:26.665Z] info: servidor escuchando en el puerto 3000. {}
[2023-04-12T17:33:30.387Z] info: servidor escuchando en el puerto 3000. {}
[2023-04-12T17:33:45.415Z] info: servidor escuchando en el puerto 3000. {}
[2023-04-12T17:39:34.979Z] info: servidor escuchando en el puerto 3000. {}
[2023-04-12T17:42:14.544Z] info: servidor escuchando en el puerto 3000. {}
[2023-04-12T17:42:50.920Z] info: servidor escuchando en el puerto 3000. {}
[2023-04-12T17:43:01.721Z] info: servidor escuchando en el puerto 3000. {}
[2023-04-12T17:43:13.472Z] info: servidor escuchando en el puerto 3000. {}
[2023-04-12T17:43:26.572Z] info: servidor escuchando en el puerto 3000. {}
[2023-04-12T17:43:31.386Z] info: servidor escuchando en el puerto 3000. {}
[2023-04-12T17:45:07.919Z] info: servidor escuchando en el puerto 3000. {}
[2023-04-12T17:45:10.807Z] info: servidor escuchando en el puerto 3000. {}
[2023-04-12T17:45:13.791Z] info: servidor escuchando en el puerto 3000. {}
[2023-04-12T17:45:16.543Z] info: servidor escuchando en el puerto 3000. {}
[2023-04-12T17:45:18.687Z] info: servidor escuchando en el puerto 3000. {}
[2023-04-12T17:45:34.456Z] info: servidor escuchando en el puerto 3000. {}
[2023-04-12T17:45:37.200Z] info: servidor escuchando en el puerto 3000. {}
[2023-04-12T17:45:48.007Z] info: servidor escuchando en el puerto 3000. {}
[2023-04-12T17:46:01.836Z] info: servidor escuchando en el puerto 3000. {}
[2023-04-12T17:46:20.704Z] info: servidor escuchando en el puerto 3000. {}
[2023-04-12T17:46:26.428Z] info: servidor escuchando en el puerto 3000. {}
[2023-04-12T17:46:31.609Z] info: servidor escuchando en el puerto 3000. {}
[2023-04-12T17:46:37.023Z] info: servidor escuchando en el puerto 3000. {}
[2023-04-12T17:46:54.307Z] info: servidor escuchando en el puerto 3000. {}
[2023-04-12T17:47:02.225Z] info: servidor escuchando en el puerto 3000. {}
[2023-04-12T17:48:47.014Z] info: servidor escuchando en el puerto 3000. {}
[2023-04-12T17:48:57.598Z] info: servidor escuchando en el puerto 3000. {}
[2023-04-12T17:49:05.988Z] info: servidor escuchando en el puerto 3000. {}
[2023-04-12T17:49:13.019Z] info: servidor escuchando en el puerto 3000. {}
[2023-04-12T17:49:15.945Z] info: servidor escuchando en el puerto 3000. {}
[2023-04-12T17:49:18.972Z] info: servidor escuchando en el puerto 3000. {}
[2023-04-12T17:49:24.590Z] info: servidor escuchando en el puerto 3000. {}
[2023-04-12T17:50:07.237Z] info: servidor escuchando en el puerto 3000. {}
[2023-04-12T17:50:15.799Z] info: servidor escuchando en el puerto 3000. {}
[2023-04-12T17:50:20.281Z] info: servidor escuchando en el puerto 3000. {}
[2023-04-12T17:50:23.489Z] info: servidor escuchando en el puerto 3000. {}
[2023-04-12T17:50:27.594Z] info: servidor escuchando en el puerto 3000. {}
[2023-04-12T17:50:31.955Z] info: servidor escuchando en el puerto 3000. {}
[2023-04-12T17:50:45.227Z] info: servidor escuchando en el puerto 3000. {}
[2023-04-12T17:50:48.164Z] info: servidor escuchando en el puerto 3000. {}
[2023-04-12T17:51:05.496Z] info: servidor escuchando en el puerto 3000. {}
[2023-04-12T17:51:28.771Z] info: servidor escuchando en el puerto 3000. {}
[2023-04-12T17:51:38.416Z] info: servidor escuchando en el puerto 3000. {}
[2023-04-12T17:54:18.423Z] info: servidor escuchando en el puerto 3000. {}
[2023-04-12T17:54:28.004Z] info: servidor escuchando en el puerto 3000. {}
[2023-04-12T17:54:34.653Z] info: servidor escuchando en el puerto 3000. {}
[2023-04-12T17:54:44.412Z] info: servidor escuchando en el puerto 3000. {}
[2023-04-12T17:54:54.772Z] info: servidor escuchando en el puerto 3000. {}
[2023-04-12T17:55:00.598Z] info: servidor escuchando en el puerto 3000. {}
[2023-04-12T17:55:08.071Z] info: servidor escuchando en el puerto 3000. {}
[2023-04-12T17:56:18.768Z] info: servidor escuchando en el puerto 3000. {}
[2023-04-12T17:56:22.287Z] info: servidor escuchando en el puerto 3000. {}
[2023-04-12T17:57:21.602Z] info: servidor escuchando en el puerto 3000. {}
[2023-04-12T17:57:32.809Z] info: servidor escuchando en el puerto 3000. {}
[2023-04-12T17:57:37.648Z] info: servidor escuchando en el puerto 3000. {}
[2023-04-12T17:57:47.555Z] info: servidor escuchando en el puerto 3000. {}
[2023-04-12T17:57:52.880Z] info: servidor escuchando en el puerto 3000. {}
[2023-04-12T17:57:59.804Z] info: servidor escuchando en el puerto 3000. {}
[2023-04-12T17:58:02.624Z] info: servidor escuchando en el puerto 3000. {}
[2023-04-12T17:58:15.390Z] info: servidor escuchando en el puerto 3000. {}
[2023-04-12T17:58:17.482Z] info: servidor escuchando en el puerto 3000. {}
[2023-04-12T17:58:20.994Z] info: servidor escuchando en el puerto 3000. {}
[2023-04-12T17:58:27.098Z] info: servidor escuchando en el puerto 3000. {}
[2023-04-12T17:58:30.777Z] info: servidor escuchando en el puerto 3000. {}
[2023-04-12T17:58:33.172Z] info: servidor escuchando en el puerto 3000. {}
[2023-04-12T17:59:12.243Z] info: servidor escuchando en el puerto 3000. {}
[2023-04-12T17:59:21.629Z] info: servidor escuchando en el puerto 3000. {}
[2023-04-12T17:59:39.851Z] info: servidor escuchando en el puerto 3000. {}
[2023-04-12T17:59:46.925Z] info: servidor escuchando en el puerto 3000. {}
[2023-04-12T17:59:51.212Z] info: servidor escuchando en el puerto 3000. {}
[2023-04-12T17:59:59.035Z] info: servidor escuchando en el puerto 3000. {}
[2023-04-12T18:00:01.995Z] info: servidor escuchando en el puerto 3000. {}
[2023-04-12T18:01:59.217Z] info: servidor escuchando en el puerto 3000. {}
[2023-04-12T18:02:09.036Z] info: servidor escuchando en el puerto 3000. {}
[2023-04-12T18:02:11.954Z] info: servidor escuchando en el puerto 3000. {}
[2023-04-12T18:02:44.908Z] info: servidor escuchando en el puerto 3000. {}
[2023-04-12T18:02:51.146Z] info: servidor escuchando en el puerto 3000. {}
[2023-04-12T18:02:59.018Z] info: servidor escuchando en el puerto 3000. {}
[2023-04-12T18:03:19.315Z] info: servidor escuchando en el puerto 3000. {}
[2023-04-12T18:03:24.130Z] info: servidor escuchando en el puerto 3000. {}
[2023-04-12T18:03:28.093Z] info: servidor escuchando en el puerto 3000. {}
[2023-04-12T18:03:32.110Z] info: servidor escuchando en el puerto 3000. {}
[2023-04-12T18:03:33.911Z] info: servidor escuchando en el puerto 3000. {}
[2023-04-12T18:03:42.815Z] info: servidor escuchando en el puerto 3000. {}
[2023-04-12T18:03:50.958Z] info: servidor escuchando en el puerto 3000. {}
[2023-04-12T18:04:06.001Z] info: servidor escuchando en el puerto 3000. {}
[2023-04-12T18:04:09.014Z] info: servidor escuchando en el puerto 3000. {}
[2023-04-12T18:04:16.486Z] info: servidor escuchando en el puerto 3000. {}
[2023-04-12T18:04:19.833Z] info: servidor escuchando en el puerto 3000. {}
[2023-04-12T18:04:24.274Z] info: servidor escuchando en el puerto 3000. {}
[2023-04-12T18:04:27.500Z] info: servidor escuchando en el puerto 3000. {}
[2023-04-12T18:04:31.325Z] info: servidor escuchando en el puerto 3000. {}
[2023-04-12T18:04:35.102Z] info: servidor escuchando en el puerto 3000. {}
[2023-04-12T18:04:37.946Z] info: servidor escuchando en el puerto 3000. {}
